0 info it worked if it ends with ok
1 verbose cli [ '/Users/nickrttn/.nvm/versions/node/v5.4.1/bin/node',
1 verbose cli   '/Users/nickrttn/.nvm/versions/node/v5.4.1/bin/npm',
1 verbose cli   'start' ]
2 info using npm@3.3.12
3 info using node@v5.4.1
4 verbose stack Error: Invalid name: "Week of Food"
4 verbose stack     at ensureValidName (/Users/nickrttn/.nvm/versions/node/v5.4.1/lib/node_modules/npm/node_modules/normalize-package-data/lib/fixer.js:331:15)
4 verbose stack     at Object.module.exports.fixNameField (/Users/nickrttn/.nvm/versions/node/v5.4.1/lib/node_modules/npm/node_modules/normalize-package-data/lib/fixer.js:210:5)
4 verbose stack     at /Users/nickrttn/.nvm/versions/node/v5.4.1/lib/node_modules/npm/node_modules/normalize-package-data/lib/normalize.js:32:38
4 verbose stack     at Array.forEach (native)
4 verbose stack     at normalize (/Users/nickrttn/.nvm/versions/node/v5.4.1/lib/node_modules/npm/node_modules/normalize-package-data/lib/normalize.js:31:15)
4 verbose stack     at final (/Users/nickrttn/.nvm/versions/node/v5.4.1/lib/node_modules/npm/node_modules/read-package-json/read-json.js:338:5)
4 verbose stack     at then (/Users/nickrttn/.nvm/versions/node/v5.4.1/lib/node_modules/npm/node_modules/read-package-json/read-json.js:113:5)
4 verbose stack     at /Users/nickrttn/.nvm/versions/node/v5.4.1/lib/node_modules/npm/node_modules/read-package-json/read-json.js:300:12
4 verbose stack     at /Users/nickrttn/.nvm/versions/node/v5.4.1/lib/node_modules/npm/node_modules/graceful-fs/graceful-fs.js:76:16
4 verbose stack     at tryToString (fs.js:414:3)
5 verbose cwd /Users/nickrttn/Developer/sss/eindopdracht
6 error Darwin 15.2.0
7 error argv "/Users/nickrttn/.nvm/versions/node/v5.4.1/bin/node" "/Users/nickrttn/.nvm/versions/node/v5.4.1/bin/npm" "start"
8 error node v5.4.1
9 error npm  v3.3.12
10 error Invalid name: "Week of Food"
11 error If you need help, you may report this error at:
11 error     <https://github.com/npm/npm/issues>
12 verbose exit [ 1, true ]
